2025-09-25 19:06:14,099 - WARNING - ⚠️ Nenhum ficheiro Excel encontrado no diretório.
2025-09-25 19:06:57,057 - WARNING - ⚠️ Nenhum ficheiro Excel encontrado no diretório.
2025-09-25 21:31:59,959 - INFO - 📄 Processando ficheiro: C:\Users\Felizardo Chaguala\Desktop\pisaude\backendservice\data\paciente_atualmente_tarv.xls
2025-09-25 21:32:00,014 - INFO - Encontradas 11 linhas de dados
2025-09-25 21:32:00,014 - INFO - Colunas: ['NID', 'Nome do paciente', 'Sexo', 'Idade', 'Data Inicio', 'Numero de meses depois do Inicio TARV', 'Inscrito Programa Tratamento', 'Regime Actual', 'Estadio OMS', 'Absoluto', 'Percentual', 'IMC', 'Hipertensão', 'Diabetes', 'Nome do parente', 'Grau de parentesco', 'Idade do Parente', 'Resultado do Teste HIV', 'Ult. Leva', 'Prox. Leva', 'Data do Ultimo Rastreio de TB', 'Tempo que passa depois do Ultimo Rastreo de TB', 'Data da Proxima Consulta', 'Estado', 'Data Ultimo exame de Carga Viral', 'Último Valor Carga Viral', 'Em GAAC', 'Localidade', 'Bairro', 'Referência', 'Tipo Paciente', 'Contacto do Paciente', 'Nome do Confidente', 'Contacto do Confidente']
2025-09-25 21:32:00,019 - INFO - Linha 7: NID → '0110021701/2017/00005' → '0110021701/2017/00005'
2025-09-25 21:32:00,020 - INFO - Linha 7: Nome do paciente → 'Felizardo 100' → 'Felizardo 100'
2025-09-25 21:32:00,020 - INFO - Linha 7: Idade → '37' → '37'
2025-09-25 21:32:00,020 - INFO - Linha 7: Sexo → 'M' → 'Masculino'
2025-09-25 21:32:00,021 - INFO - Linha 7: Data Inicio → '2017-01-17 00:00:00' → '2017-01-17'
2025-09-25 21:32:00,022 - INFO - Linha 7: Regime Actual → 'TDF+3TC+DTG' → 'TDF+3TC+DTG'
2025-09-25 21:32:00,022 - INFO - Linha 7: Data da Proxima Consulta → '2025-08-08 00:00:00' → '2025-08-08'
2025-09-25 21:32:00,022 - INFO - Linha 7: Ult. Leva → '2025-05-08 00:00:00' → '2025-05-08'
2025-09-25 21:32:00,023 - INFO - Linha 7: Prox. Leva → '2025-08-08 00:00:00' → '2025-08-08'
2025-09-25 21:32:00,023 - INFO - Linha 7: Estadio OMS → 'Estadio OMS I' → 'i'
2025-09-25 21:32:00,024 - WARNING - Valor 'ABANDONO NAO NOTIFICADO' não mapeado para atributo DzBXLWorexg
2025-09-25 21:32:00,024 - INFO - Linha 7: Estado → 'ABANDONO NAO NOTIFICADO' → 'ABANDONO NAO NOTIFICADO'
2025-09-25 21:32:00,024 - INFO - Linha 7: Bairro → 'Boane Sede' → 'Boane Sede'
2025-09-25 21:32:00,024 - INFO - Linha 7: Contacto do Paciente → '843686782' → '843686782'
2025-09-25 21:32:00,024 - INFO - Linha 7: Nome do Confidente → 'Cecilia' → 'Cecilia'
2025-09-25 21:32:00,025 - INFO - Linha 7: Tipo Paciente → 'Civil' → 'Civil'
2025-09-25 21:32:00,025 - INFO - Linha 8: NID → '0110022001/2016/00005' → '0110022001/2016/00005'
2025-09-25 21:32:00,025 - INFO - Linha 8: Nome do paciente → 'Alice 2' → 'Alice 2'
2025-09-25 21:32:00,026 - INFO - Linha 8: Idade → '28' → '28'
2025-09-25 21:32:00,026 - INFO - Linha 8: Sexo → 'F' → 'Feminino'
2025-09-25 21:32:00,026 - INFO - Linha 8: Data Inicio → '2016-12-22 00:00:00' → '2016-12-22'
2025-09-25 21:32:00,026 - INFO - Linha 8: Regime Actual → 'TDF+3TC+DTG' → 'TDF+3TC+DTG'
2025-09-25 21:32:00,026 - INFO - Linha 8: Data da Proxima Consulta → '2025-09-27 00:00:00' → '2025-09-27'
2025-09-25 21:32:00,026 - INFO - Linha 8: Ult. Leva → '2025-06-27 00:00:00' → '2025-06-27'
2025-09-25 21:32:00,027 - INFO - Linha 8: Prox. Leva → '2025-09-25 00:00:00' → '2025-09-25'
2025-09-25 21:32:00,027 - INFO - Linha 8: Estadio OMS → 'Estadio OMS I' → 'i'
2025-09-25 21:32:00,027 - WARNING - Valor 'TRANSFERIDO PARA' não mapeado para atributo DzBXLWorexg
2025-09-25 21:32:00,027 - INFO - Linha 8: Estado → 'TRANSFERIDO PARA' → 'TRANSFERIDO PARA'
2025-09-25 21:32:00,028 - INFO - Linha 8: Bairro → 'Boane Sede' → 'Boane Sede'
2025-09-25 21:32:00,028 - INFO - Linha 8: Contacto do Paciente → '845015697' → '845015697'
2025-09-25 21:32:00,028 - INFO - Linha 8: Nome do Confidente → 'Berta' → 'Berta'
2025-09-25 21:32:00,028 - INFO - Linha 8: Contacto do Confidente → '845015697.0' → '845015697.0'
2025-09-25 21:32:00,029 - INFO - Linha 8: Tipo Paciente → 'Civil' → 'Civil'
2025-09-25 21:32:00,029 - INFO - Linha 9: NID → '0110021701/2016/00017' → '0110021701/2016/00017'
2025-09-25 21:32:00,030 - INFO - Linha 9: Nome do paciente → 'Alice 3' → 'Alice 3'
2025-09-25 21:32:00,030 - INFO - Linha 9: Idade → '34' → '34'
2025-09-25 21:32:00,030 - INFO - Linha 9: Sexo → 'F' → 'Feminino'
2025-09-25 21:32:00,030 - INFO - Linha 9: Data Inicio → '2016-12-22 00:00:00' → '2016-12-22'
2025-09-25 21:32:00,031 - INFO - Linha 9: Regime Actual → 'TDF+3TC+DTG' → 'TDF+3TC+DTG'
2025-09-25 21:32:00,031 - INFO - Linha 9: Data da Proxima Consulta → '2025-08-07 00:00:00' → '2025-08-07'
2025-09-25 21:32:00,031 - INFO - Linha 9: Ult. Leva → '2025-05-07 00:00:00' → '2025-05-07'
2025-09-25 21:32:00,032 - INFO - Linha 9: Prox. Leva → '2025-08-07 00:00:00' → '2025-08-07'
2025-09-25 21:32:00,032 - INFO - Linha 9: Estadio OMS → 'Estadio OMS I' → 'i'
2025-09-25 21:32:00,032 - WARNING - Valor 'ABANDONO' não mapeado para atributo DzBXLWorexg
2025-09-25 21:32:00,032 - INFO - Linha 9: Estado → 'ABANDONO' → 'ABANDONO'
2025-09-25 21:32:00,033 - INFO - Linha 9: Bairro → 'Bairro 7 De Setembro' → 'Bairro 7 De Setembro'
2025-09-25 21:32:00,033 - INFO - Linha 9: Referência → 'SI' → 'SI'
2025-09-25 21:32:00,033 - INFO - Linha 9: Contacto do Paciente → '846725161' → '846725161'
2025-09-25 21:32:00,033 - INFO - Linha 9: Nome do Confidente → 'Almeida' → 'Almeida'
2025-09-25 21:32:00,033 - INFO - Linha 9: Contacto do Confidente → '842218234.0' → '842218234.0'
2025-09-25 21:32:00,034 - INFO - Linha 9: Tipo Paciente → 'Civil' → 'Civil'
2025-09-25 21:32:00,034 - INFO - Linha 10: NID → '0110021701/2017/00005' → '0110021701/2017/00005'
2025-09-25 21:32:00,034 - INFO - Linha 10: Nome do paciente → 'Alice 1' → 'Alice 1'
2025-09-25 21:32:00,034 - INFO - Linha 10: Idade → '37' → '37'
2025-09-25 21:32:00,035 - INFO - Linha 10: Sexo → 'M' → 'Masculino'
2025-09-25 21:32:00,035 - INFO - Linha 10: Data Inicio → '2017-01-17 00:00:00' → '2017-01-17'
2025-09-25 21:32:00,035 - INFO - Linha 10: Regime Actual → 'TDF+3TC+DTG' → 'TDF+3TC+DTG'
2025-09-25 21:32:00,035 - INFO - Linha 10: Data da Proxima Consulta → '2025-08-08 00:00:00' → '2025-08-08'
2025-09-25 21:32:00,035 - INFO - Linha 10: Ult. Leva → '2025-05-08 00:00:00' → '2025-05-08'
2025-09-25 21:32:00,035 - INFO - Linha 10: Prox. Leva → '2025-08-08 00:00:00' → '2025-08-08'
2025-09-25 21:32:00,035 - INFO - Linha 10: Estadio OMS → 'Estadio OMS I' → 'i'
2025-09-25 21:32:00,036 - WARNING - Valor 'ABANDONO NAO NOTIFICADO' não mapeado para atributo DzBXLWorexg
2025-09-25 21:32:00,036 - INFO - Linha 10: Estado → 'ABANDONO NAO NOTIFICADO' → 'ABANDONO NAO NOTIFICADO'
2025-09-25 21:32:00,036 - INFO - Linha 10: Bairro → 'Boane Sede' → 'Boane Sede'
2025-09-25 21:32:00,036 - INFO - Linha 10: Contacto do Paciente → '843686782' → '843686782'
2025-09-25 21:32:00,036 - INFO - Linha 10: Nome do Confidente → 'Cecilia' → 'Cecilia'
2025-09-25 21:32:00,036 - INFO - Linha 10: Tipo Paciente → 'Civil' → 'Civil'
2025-09-25 21:32:00,036 - INFO - Linha 11: NID → '0110022001/2016/00005' → '0110022001/2016/00005'
2025-09-25 21:32:00,037 - INFO - Linha 11: Nome do paciente → 'Alice 2' → 'Alice 2'
2025-09-25 21:32:00,037 - INFO - Linha 11: Idade → '28' → '28'
2025-09-25 21:32:00,037 - INFO - Linha 11: Sexo → 'F' → 'Feminino'
2025-09-25 21:32:00,037 - INFO - Linha 11: Data Inicio → '2016-12-22 00:00:00' → '2016-12-22'
2025-09-25 21:32:00,037 - INFO - Linha 11: Regime Actual → 'TDF+3TC+DTG' → 'TDF+3TC+DTG'
2025-09-25 21:32:00,037 - INFO - Linha 11: Data da Proxima Consulta → '2025-09-27 00:00:00' → '2025-09-27'
2025-09-25 21:32:00,037 - INFO - Linha 11: Ult. Leva → '2025-06-27 00:00:00' → '2025-06-27'
2025-09-25 21:32:00,037 - INFO - Linha 11: Prox. Leva → '2025-09-25 00:00:00' → '2025-09-25'
2025-09-25 21:32:00,037 - INFO - Linha 11: Estadio OMS → 'Estadio OMS I' → 'i'
2025-09-25 21:32:00,037 - WARNING - Valor 'TRANSFERIDO PARA' não mapeado para atributo DzBXLWorexg
2025-09-25 21:32:00,037 - INFO - Linha 11: Estado → 'TRANSFERIDO PARA' → 'TRANSFERIDO PARA'
2025-09-25 21:32:00,038 - INFO - Linha 11: Bairro → 'Boane Sede' → 'Boane Sede'
2025-09-25 21:32:00,038 - INFO - Linha 11: Contacto do Paciente → '845015697' → '845015697'
2025-09-25 21:32:00,038 - INFO - Linha 11: Nome do Confidente → 'Berta' → 'Berta'
2025-09-25 21:32:00,038 - INFO - Linha 11: Contacto do Confidente → '845015697.0' → '845015697.0'
2025-09-25 21:32:00,038 - INFO - Linha 11: Tipo Paciente → 'Civil' → 'Civil'
2025-09-25 21:32:00,038 - INFO - Linha 12: NID → '0110021701/2017/00005' → '0110021701/2017/00005'
2025-09-25 21:32:00,039 - INFO - Linha 12: Nome do paciente → 'Alice 1' → 'Alice 1'
2025-09-25 21:32:00,039 - INFO - Linha 12: Idade → '37' → '37'
2025-09-25 21:32:00,039 - INFO - Linha 12: Sexo → 'M' → 'Masculino'
2025-09-25 21:32:00,039 - INFO - Linha 12: Data Inicio → '2017-01-17 00:00:00' → '2017-01-17'
2025-09-25 21:32:00,039 - INFO - Linha 12: Regime Actual → 'TDF+3TC+DTG' → 'TDF+3TC+DTG'
2025-09-25 21:32:00,039 - INFO - Linha 12: Data da Proxima Consulta → '2025-08-08 00:00:00' → '2025-08-08'
2025-09-25 21:32:00,040 - INFO - Linha 12: Ult. Leva → '2025-05-08 00:00:00' → '2025-05-08'
2025-09-25 21:32:00,040 - INFO - Linha 12: Prox. Leva → '2025-08-08 00:00:00' → '2025-08-08'
2025-09-25 21:32:00,040 - INFO - Linha 12: Estadio OMS → 'Estadio OMS I' → 'i'
2025-09-25 21:32:00,040 - WARNING - Valor 'ABANDONO NAO NOTIFICADO' não mapeado para atributo DzBXLWorexg
2025-09-25 21:32:00,040 - INFO - Linha 12: Estado → 'ABANDONO NAO NOTIFICADO' → 'ABANDONO NAO NOTIFICADO'
2025-09-25 21:32:00,040 - INFO - Linha 12: Bairro → 'Boane Sede' → 'Boane Sede'
2025-09-25 21:32:00,040 - INFO - Linha 12: Contacto do Paciente → '843686782' → '843686782'
2025-09-25 21:32:00,040 - INFO - Linha 12: Nome do Confidente → 'Cecilia' → 'Cecilia'
2025-09-25 21:32:00,041 - INFO - Linha 12: Tipo Paciente → 'Civil' → 'Civil'
2025-09-25 21:32:00,041 - INFO - Linha 13: NID → '0110022001/2016/00005' → '0110022001/2016/00005'
2025-09-25 21:32:00,041 - INFO - Linha 13: Nome do paciente → 'Alice 2' → 'Alice 2'
2025-09-25 21:32:00,041 - INFO - Linha 13: Idade → '28' → '28'
2025-09-25 21:32:00,041 - INFO - Linha 13: Sexo → 'F' → 'Feminino'
2025-09-25 21:32:00,041 - INFO - Linha 13: Data Inicio → '2016-12-22 00:00:00' → '2016-12-22'
2025-09-25 21:32:00,041 - INFO - Linha 13: Regime Actual → 'TDF+3TC+DTG' → 'TDF+3TC+DTG'
2025-09-25 21:32:00,041 - INFO - Linha 13: Data da Proxima Consulta → '2025-09-27 00:00:00' → '2025-09-27'
2025-09-25 21:32:00,042 - INFO - Linha 13: Ult. Leva → '2025-06-27 00:00:00' → '2025-06-27'
2025-09-25 21:32:00,042 - INFO - Linha 13: Prox. Leva → '2025-09-25 00:00:00' → '2025-09-25'
2025-09-25 21:32:00,042 - INFO - Linha 13: Estadio OMS → 'Estadio OMS I' → 'i'
2025-09-25 21:32:00,042 - WARNING - Valor 'TRANSFERIDO PARA' não mapeado para atributo DzBXLWorexg
2025-09-25 21:32:00,042 - INFO - Linha 13: Estado → 'TRANSFERIDO PARA' → 'TRANSFERIDO PARA'
2025-09-25 21:32:00,042 - INFO - Linha 13: Bairro → 'Boane Sede' → 'Boane Sede'
2025-09-25 21:32:00,042 - INFO - Linha 13: Contacto do Paciente → '845015697' → '845015697'
2025-09-25 21:32:00,042 - INFO - Linha 13: Nome do Confidente → 'Berta' → 'Berta'
2025-09-25 21:32:00,042 - INFO - Linha 13: Contacto do Confidente → '845015697.0' → '845015697.0'
2025-09-25 21:32:00,042 - INFO - Linha 13: Tipo Paciente → 'Civil' → 'Civil'
2025-09-25 21:32:00,043 - INFO - Linha 14: NID → '0110021701/2016/00017' → '0110021701/2016/00017'
2025-09-25 21:32:00,043 - INFO - Linha 14: Nome do paciente → 'Alice 3' → 'Alice 3'
2025-09-25 21:32:00,043 - INFO - Linha 14: Idade → '34' → '34'
2025-09-25 21:32:00,043 - INFO - Linha 14: Sexo → 'F' → 'Feminino'
2025-09-25 21:32:00,043 - INFO - Linha 14: Data Inicio → '2016-12-22 00:00:00' → '2016-12-22'
2025-09-25 21:32:00,043 - INFO - Linha 14: Regime Actual → 'TDF+3TC+DTG' → 'TDF+3TC+DTG'
2025-09-25 21:32:00,043 - INFO - Linha 14: Data da Proxima Consulta → '2025-08-07 00:00:00' → '2025-08-07'
2025-09-25 21:32:00,043 - INFO - Linha 14: Ult. Leva → '2025-05-07 00:00:00' → '2025-05-07'
2025-09-25 21:32:00,043 - INFO - Linha 14: Prox. Leva → '2025-08-07 00:00:00' → '2025-08-07'
2025-09-25 21:32:00,043 - INFO - Linha 14: Estadio OMS → 'Estadio OMS I' → 'i'
2025-09-25 21:32:00,044 - WARNING - Valor 'ABANDONO' não mapeado para atributo DzBXLWorexg
2025-09-25 21:32:00,044 - INFO - Linha 14: Estado → 'ABANDONO' → 'ABANDONO'
2025-09-25 21:32:00,044 - INFO - Linha 14: Bairro → 'Bairro 7 De Setembro' → 'Bairro 7 De Setembro'
2025-09-25 21:32:00,044 - INFO - Linha 14: Referência → 'SI' → 'SI'
2025-09-25 21:32:00,044 - INFO - Linha 14: Contacto do Paciente → '846725161' → '846725161'
2025-09-25 21:32:00,044 - INFO - Linha 14: Nome do Confidente → 'Almeida' → 'Almeida'
2025-09-25 21:32:00,044 - INFO - Linha 14: Contacto do Confidente → '842218234.0' → '842218234.0'
2025-09-25 21:32:00,044 - INFO - Linha 14: Tipo Paciente → 'Civil' → 'Civil'
2025-09-25 21:32:00,044 - INFO - Linha 15: NID → '0110021701/2017/00005' → '0110021701/2017/00005'
2025-09-25 21:32:00,044 - INFO - Linha 15: Nome do paciente → 'Alice 1' → 'Alice 1'
2025-09-25 21:32:00,045 - INFO - Linha 15: Idade → '37' → '37'
2025-09-25 21:32:00,045 - INFO - Linha 15: Sexo → 'M' → 'Masculino'
2025-09-25 21:32:00,045 - INFO - Linha 15: Data Inicio → '2017-01-17 00:00:00' → '2017-01-17'
2025-09-25 21:32:00,045 - INFO - Linha 15: Regime Actual → 'TDF+3TC+DTG' → 'TDF+3TC+DTG'
2025-09-25 21:32:00,045 - INFO - Linha 15: Data da Proxima Consulta → '2025-08-08 00:00:00' → '2025-08-08'
2025-09-25 21:32:00,045 - INFO - Linha 15: Ult. Leva → '2025-05-08 00:00:00' → '2025-05-08'
2025-09-25 21:32:00,045 - INFO - Linha 15: Prox. Leva → '2025-08-08 00:00:00' → '2025-08-08'
2025-09-25 21:32:00,045 - INFO - Linha 15: Estadio OMS → 'Estadio OMS I' → 'i'
2025-09-25 21:32:00,045 - WARNING - Valor 'ABANDONO NAO NOTIFICADO' não mapeado para atributo DzBXLWorexg
2025-09-25 21:32:00,045 - INFO - Linha 15: Estado → 'ABANDONO NAO NOTIFICADO' → 'ABANDONO NAO NOTIFICADO'
2025-09-25 21:32:00,045 - INFO - Linha 15: Bairro → 'Boane Sede' → 'Boane Sede'
2025-09-25 21:32:00,046 - INFO - Linha 15: Contacto do Paciente → '843686782' → '843686782'
2025-09-25 21:32:00,046 - INFO - Linha 15: Nome do Confidente → 'Cecilia' → 'Cecilia'
2025-09-25 21:32:00,046 - INFO - Linha 15: Tipo Paciente → 'Civil' → 'Civil'
2025-09-25 21:32:00,046 - INFO - Linha 16: NID → '0110022001/2016/00005' → '0110022001/2016/00005'
2025-09-25 21:32:00,046 - INFO - Linha 16: Nome do paciente → 'Alice 2' → 'Alice 2'
2025-09-25 21:32:00,046 - INFO - Linha 16: Idade → '28' → '28'
2025-09-25 21:32:00,046 - INFO - Linha 16: Sexo → 'F' → 'Feminino'
2025-09-25 21:32:00,046 - INFO - Linha 16: Data Inicio → '2016-12-22 00:00:00' → '2016-12-22'
2025-09-25 21:32:00,046 - INFO - Linha 16: Regime Actual → 'TDF+3TC+DTG' → 'TDF+3TC+DTG'
2025-09-25 21:32:00,047 - INFO - Linha 16: Data da Proxima Consulta → '2025-09-27 00:00:00' → '2025-09-27'
2025-09-25 21:32:00,047 - INFO - Linha 16: Ult. Leva → '2025-06-27 00:00:00' → '2025-06-27'
2025-09-25 21:32:00,047 - INFO - Linha 16: Prox. Leva → '2025-09-25 00:00:00' → '2025-09-25'
2025-09-25 21:32:00,047 - INFO - Linha 16: Estadio OMS → 'Estadio OMS I' → 'i'
2025-09-25 21:32:00,047 - WARNING - Valor 'TRANSFERIDO PARA' não mapeado para atributo DzBXLWorexg
2025-09-25 21:32:00,047 - INFO - Linha 16: Estado → 'TRANSFERIDO PARA' → 'TRANSFERIDO PARA'
2025-09-25 21:32:00,047 - INFO - Linha 16: Bairro → 'Boane Sede' → 'Boane Sede'
2025-09-25 21:32:00,047 - INFO - Linha 16: Contacto do Paciente → '845015697' → '845015697'
2025-09-25 21:32:00,047 - INFO - Linha 16: Nome do Confidente → 'Berta' → 'Berta'
2025-09-25 21:32:00,047 - INFO - Linha 16: Contacto do Confidente → '845015697.0' → '845015697.0'
2025-09-25 21:32:00,048 - INFO - Linha 16: Tipo Paciente → 'Civil' → 'Civil'
2025-09-25 21:32:00,048 - INFO - Linha 17: NID → '123' → '123'
2025-09-25 21:32:00,048 - INFO - Linha 17: Nome do paciente → 'Lucas 1000' → 'Lucas 1000'
2025-09-25 21:32:00,048 - INFO - Linha 17: Idade → '34' → '34'
2025-09-25 21:32:00,048 - INFO - Linha 17: Sexo → 'F' → 'Feminino'
2025-09-25 21:32:00,048 - INFO - Linha 17: Data Inicio → '2016-12-22 00:00:00' → '2016-12-22'
2025-09-25 21:32:00,048 - INFO - Linha 17: Regime Actual → 'TDF+3TC+DTG' → 'TDF+3TC+DTG'
2025-09-25 21:32:00,048 - INFO - Linha 17: Data da Proxima Consulta → '2025-08-07 00:00:00' → '2025-08-07'
2025-09-25 21:32:00,048 - INFO - Linha 17: Ult. Leva → '2025-05-07 00:00:00' → '2025-05-07'
2025-09-25 21:32:00,048 - INFO - Linha 17: Prox. Leva → '2025-08-07 00:00:00' → '2025-08-07'
2025-09-25 21:32:00,049 - INFO - Linha 17: Estadio OMS → 'Estadio OMS I' → 'i'
2025-09-25 21:32:00,049 - WARNING - Valor 'ABANDONO' não mapeado para atributo DzBXLWorexg
2025-09-25 21:32:00,049 - INFO - Linha 17: Estado → 'ABANDONO' → 'ABANDONO'
2025-09-25 21:32:00,049 - INFO - Linha 17: Bairro → 'Bairro 7 De Setembro' → 'Bairro 7 De Setembro'
2025-09-25 21:32:00,049 - INFO - Linha 17: Referência → 'SI' → 'SI'
2025-09-25 21:32:00,049 - INFO - Linha 17: Contacto do Paciente → '846725161' → '846725161'
2025-09-25 21:32:00,049 - INFO - Linha 17: Nome do Confidente → 'Almeida' → 'Almeida'
2025-09-25 21:32:00,049 - INFO - Linha 17: Contacto do Confidente → '842218234.0' → '842218234.0'
2025-09-25 21:32:00,049 - INFO - Linha 17: Tipo Paciente → 'Civil' → 'Civil'
2025-09-25 21:32:00,049 - INFO - Preparados 11 registros
2025-09-25 21:32:00,049 - INFO - Enviando 11 registros para DHIS2
2025-09-25 21:32:30,105 - ERROR - ❌ Erro: HTTPConnectionPool(host='197.249.4.129', port=8088): Read timed out. (read timeout=30)
2025-09-25 21:32:30,106 - ERROR - ❌ Falha ao enviar dados
2025-09-25 21:32:30,107 - INFO - 🗑️ Ficheiro apagado: C:\Users\Felizardo Chaguala\Desktop\pisaude\backendservice\data\paciente_atualmente_tarv.xls
2025-09-25 21:32:30,108 - INFO - 📄 Processando ficheiro: C:\Users\Felizardo Chaguala\Desktop\pisaude\backendservice\data\~$data.xlsx
2025-09-25 21:32:30,126 - ERROR - Falha ao ler arquivo Excel: Excel file format cannot be determined, you must specify an engine manually.
2025-09-25 21:32:30,127 - WARNING - ❌ Falha ao carregar: C:\Users\Felizardo Chaguala\Desktop\pisaude\backendservice\data\~$data.xlsx
2025-09-25 21:32:30,127 - INFO - === Iniciando processo de integração TRACKER ===
2025-09-25 21:32:30,127 - INFO - Validando configuração do DHIS2...
2025-09-25 21:32:30,719 - INFO - ✅ Recurso válido: trackedEntityTypes/I1P2bB5OLA9
2025-09-25 21:32:31,260 - INFO - ✅ Recurso válido: programs/ll4LqMAHvEj
2025-09-25 21:32:31,799 - INFO - ✅ Recurso válido: organisationUnits/P3rkRiVWkDI
2025-09-25 21:32:31,800 - ERROR - Falha ao ler arquivo Excel: Excel file format cannot be determined, you must specify an engine manually.
2025-09-25 21:33:01,304 - INFO - 📄 Processando ficheiro: C:\Users\Felizardo Chaguala\Desktop\pisaude\backendservice\data\~$data.xlsx
2025-09-25 21:33:01,318 - ERROR - Falha ao ler arquivo Excel: Excel file format cannot be determined, you must specify an engine manually.
2025-09-25 21:33:01,318 - WARNING - ❌ Falha ao carregar: C:\Users\Felizardo Chaguala\Desktop\pisaude\backendservice\data\~$data.xlsx
2025-09-25 21:33:01,318 - INFO - === Iniciando processo de integração TRACKER ===
2025-09-25 21:33:01,318 - INFO - Validando configuração do DHIS2...
2025-09-25 21:33:01,880 - INFO - ✅ Recurso válido: trackedEntityTypes/I1P2bB5OLA9
2025-09-25 21:33:02,451 - INFO - ✅ Recurso válido: programs/ll4LqMAHvEj
2025-09-25 21:33:02,955 - INFO - ✅ Recurso válido: organisationUnits/P3rkRiVWkDI
2025-09-25 21:33:02,957 - ERROR - Falha ao ler arquivo Excel: Excel file format cannot be determined, you must specify an engine manually.
